
7월 14, 2020 07:59:15.302 NEW SESSION
7월 14, 2020 07:59:15.302 [22072:23272:0714/075915.289:ERROR:device_event_log_impl.cc(208)] [07:59:15.289] Bluetooth: bluetooth_adapter_winrt.cc:1060 Getting Default Adapter failed.
7월 14, 2020 10:47:01.605 [22072:23272:0714/104701.604:ERROR:CONSOLE(1475)] "No document", source: devtools://devtools/bundled/sdk/sdk.js (1475)
7월 14, 2020 10:47:13.975 [22072:23272:0714/104713.975:ERROR:CONSOLE(1475)] "No document", source: devtools://devtools/bundled/sdk/sdk.js (1475)
7월 14, 2020 10:48:49.928 [22072:23272:0714/104849.928:ERROR:CONSOLE(1475)] "No document", source: devtools://devtools/bundled/sdk/sdk.js (1475)
7월 14, 2020 10:48:50.488 [22072:23272:0714/104850.487:ERROR:CONSOLE(1475)] "No document", source: devtools://devtools/bundled/sdk/sdk.js (1475)
7월 14, 2020 10:48:51.126 [22072:23272:0714/104851.126:ERROR:CONSOLE(1475)] "No document", source: devtools://devtools/bundled/sdk/sdk.js (1475)
7월 14, 2020 10:48:51.375 [22072:23272:0714/104851.375:ERROR:CONSOLE(1475)] "No document", source: devtools://devtools/bundled/sdk/sdk.js (1475)
7월 14, 2020 10:48:53.463 [22072:23272:0714/104853.462:ERROR:CONSOLE(1475)] "No document", source: devtools://devtools/bundled/sdk/sdk.js (1475)
7월 14, 2020 10:48:56.986 [22072:23272:0714/104856.986:ERROR:CONSOLE(1475)] "No document", source: devtools://devtools/bundled/sdk/sdk.js (1475)
7월 14, 2020 10:49:27.221 [22072:23272:0714/104927.221:ERROR:CONSOLE(1475)] "No document", source: devtools://devtools/bundled/sdk/sdk.js (1475)
7월 14, 2020 10:49:27.738 [22072:23272:0714/104927.738:ERROR:CONSOLE(1475)] "No document", source: devtools://devtools/bundled/sdk/sdk.js (1475)
7월 14, 2020 10:49:36.91 [22072:23272:0714/104936.091:ERROR:CONSOLE(1475)] "No document", source: devtools://devtools/bundled/sdk/sdk.js (1475)
7월 14, 2020 10:51:19.752 [22072:23272:0714/105119.752:ERROR:CONSOLE(1475)] "No document", source: devtools://devtools/bundled/sdk/sdk.js (1475)
7월 14, 2020 10:51:20.876 [22072:23272:0714/105120.876:ERROR:CONSOLE(1475)] "No document", source: devtools://devtools/bundled/sdk/sdk.js (1475)
7월 14, 2020 10:51:41.235 [22072:23272:0714/105141.235:ERROR:CONSOLE(1475)] "No document", source: devtools://devtools/bundled/sdk/sdk.js (1475)
7월 14, 2020 10:51:42.110 [22072:23272:0714/105142.110:ERROR:CONSOLE(1475)] "No document", source: devtools://devtools/bundled/sdk/sdk.js (1475)
7월 14, 2020 10:53:10.822 [22072:23272:0714/105310.822:ERROR:CONSOLE(1475)] "No document", source: devtools://devtools/bundled/sdk/sdk.js (1475)
7월 14, 2020 10:53:11.753 [22072:23272:0714/105311.753:ERROR:CONSOLE(1475)] "No document", source: devtools://devtools/bundled/sdk/sdk.js (1475)
7월 14, 2020 10:53:15.274 [22072:23272:0714/105315.274:ERROR:CONSOLE(1475)] "No document", source: devtools://devtools/bundled/sdk/sdk.js (1475)
7월 14, 2020 10:53:16.868 [22072:23272:0714/105316.868:ERROR:CONSOLE(1475)] "No document", source: devtools://devtools/bundled/sdk/sdk.js (1475)
7월 14, 2020 10:53:37.307 [22072:23272:0714/105337.307:ERROR:CONSOLE(1475)] "No document", source: devtools://devtools/bundled/sdk/sdk.js (1475)
7월 14, 2020 11:05:52.572 [22072:23272:0714/110552.571:ERROR:CONSOLE(1475)] "No document", source: devtools://devtools/bundled/sdk/sdk.js (1475)
7월 14, 2020 11:06:00.134 [22072:23272:0714/110600.134:ERROR:CONSOLE(1475)] "No document", source: devtools://devtools/bundled/sdk/sdk.js (1475)
7월 14, 2020 11:06:03.35 [22072:23272:0714/110603.035:ERROR:CONSOLE(1475)] "No document", source: devtools://devtools/bundled/sdk/sdk.js (1475)
7월 14, 2020 11:06:15.731 [22072:23272:0714/110615.731:ERROR:CONSOLE(1475)] "No document", source: devtools://devtools/bundled/sdk/sdk.js (1475)
7월 14, 2020 11:06:17.701 [22072:23272:0714/110617.701:ERROR:CONSOLE(1475)] "No document", source: devtools://devtools/bundled/sdk/sdk.js (1475)
7월 14, 2020 11:06:18.653 [22072:23272:0714/110618.653:ERROR:CONSOLE(1475)] "No document", source: devtools://devtools/bundled/sdk/sdk.js (1475)
7월 14, 2020 11:06:19.408 [22072:23272:0714/110619.408:ERROR:CONSOLE(1475)] "No document", source: devtools://devtools/bundled/sdk/sdk.js (1475)
7월 14, 2020 11:06:22.224 [22072:23272:0714/110622.224:ERROR:CONSOLE(1475)] "No document", source: devtools://devtools/bundled/sdk/sdk.js (1475)
7월 14, 2020 11:06:25.17 [22072:23272:0714/110625.017:ERROR:CONSOLE(1475)] "No document", source: devtools://devtools/bundled/sdk/sdk.js (1475)
7월 14, 2020 11:06:31.999 [22072:23272:0714/110631.999:ERROR:CONSOLE(1475)] "No document", source: devtools://devtools/bundled/sdk/sdk.js (1475)
7월 14, 2020 11:06:34.619 [22072:23272:0714/110634.618:ERROR:CONSOLE(1475)] "No document", source: devtools://devtools/bundled/sdk/sdk.js (1475)
7월 14, 2020 11:06:39.92 [22072:23272:0714/110639.092:ERROR:CONSOLE(1475)] "No document", source: devtools://devtools/bundled/sdk/sdk.js (1475)
7월 14, 2020 11:06:56.68 [22072:23272:0714/110656.068:ERROR:CONSOLE(1475)] "No document", source: devtools://devtools/bundled/sdk/sdk.js (1475)
7월 14, 2020 11:07:05.485 [22072:23272:0714/110705.485:ERROR:CONSOLE(1475)] "No document", source: devtools://devtools/bundled/sdk/sdk.js (1475)
7월 14, 2020 11:29:48.46 [22072:23272:0714/112948.046:ERROR:CONSOLE(1475)] "No document", source: devtools://devtools/bundled/sdk/sdk.js (1475)
7월 14, 2020 11:29:53.907 [22072:23272:0714/112953.907:ERROR:CONSOLE(1475)] "No document", source: devtools://devtools/bundled/sdk/sdk.js (1475)
7월 14, 2020 11:29:58.511 [22072:23272:0714/112958.511:ERROR:CONSOLE(1475)] "No document", source: devtools://devtools/bundled/sdk/sdk.js (1475)
7월 14, 2020 11:30:05.258 [22072:23272:0714/113005.257:ERROR:CONSOLE(1475)] "No document", source: devtools://devtools/bundled/sdk/sdk.js (1475)
7월 14, 2020 11:30:13.681 [22072:23272:0714/113013.680:ERROR:CONSOLE(1475)] "No document", source: devtools://devtools/bundled/sdk/sdk.js (1475)
7월 14, 2020 11:30:15.446 [22072:23272:0714/113015.445:ERROR:CONSOLE(1475)] "No document", source: devtools://devtools/bundled/sdk/sdk.js (1475)
7월 14, 2020 12:06:38.775 [22072:23272:0714/120638.775:ERROR:CONSOLE(1475)] "No document", source: devtools://devtools/bundled/sdk/sdk.js (1475)
7월 14, 2020 12:06:39.526 [22072:23272:0714/120639.526:ERROR:CONSOLE(1475)] "No document", source: devtools://devtools/bundled/sdk/sdk.js (1475)
7월 14, 2020 12:06:44.888 [22072:23272:0714/120644.888:ERROR:CONSOLE(1475)] "No document", source: devtools://devtools/bundled/sdk/sdk.js (1475)
7월 14, 2020 12:06:46.856 [22072:23272:0714/120646.856:ERROR:CONSOLE(1475)] "No document", source: devtools://devtools/bundled/sdk/sdk.js (1475)
7월 14, 2020 12:06:48.680 [22072:23272:0714/120648.680:ERROR:CONSOLE(1475)] "No document", source: devtools://devtools/bundled/sdk/sdk.js (1475)
7월 14, 2020 16:50:53.41 [22072:23272:0714/165053.041:ERROR:CONSOLE(1475)] "No document", source: devtools://devtools/bundled/sdk/sdk.js (1475)
7월 14, 2020 16:50:54.35 [22072:23272:0714/165054.035:ERROR:CONSOLE(1475)] "No document", source: devtools://devtools/bundled/sdk/sdk.js (1475)
7월 14, 2020 16:50:55.488 [22072:23272:0714/165055.488:ERROR:CONSOLE(1475)] "No document", source: devtools://devtools/bundled/sdk/sdk.js (1475)
7월 14, 2020 16:50:55.702 [22072:23272:0714/165055.701:ERROR:CONSOLE(1475)] "No document", source: devtools://devtools/bundled/sdk/sdk.js (1475)
7월 14, 2020 16:50:56.941 [22072:23272:0714/165056.940:ERROR:CONSOLE(1475)] "No document", source: devtools://devtools/bundled/sdk/sdk.js (1475)
7월 14, 2020 16:50:57.468 [22072:23272:0714/165057.468:ERROR:CONSOLE(1475)] "No document", source: devtools://devtools/bundled/sdk/sdk.js (1475)
7월 14, 2020 16:50:58.26 [22072:23272:0714/165058.026:ERROR:CONSOLE(1475)] "No document", source: devtools://devtools/bundled/sdk/sdk.js (1475)
7월 14, 2020 16:50:58.386 [22072:23272:0714/165058.385:ERROR:CONSOLE(1475)] "No document", source: devtools://devtools/bundled/sdk/sdk.js (1475)
7월 14, 2020 16:50:58.959 [22072:23272:0714/165058.959:ERROR:CONSOLE(1475)] "No document", source: devtools://devtools/bundled/sdk/sdk.js (1475)
7월 14, 2020 16:50:59.480 [22072:23272:0714/165059.480:ERROR:CONSOLE(1475)] "No document", source: devtools://devtools/bundled/sdk/sdk.js (1475)
7월 14, 2020 16:51:00.844 [22072:23272:0714/165100.844:ERROR:CONSOLE(1475)] "No document", source: devtools://devtools/bundled/sdk/sdk.js (1475)
7월 14, 2020 16:51:01.41 [22072:23272:0714/165101.041:ERROR:CONSOLE(1475)] "No document", source: devtools://devtools/bundled/sdk/sdk.js (1475)
7월 14, 2020 16:51:01.325 [22072:23272:0714/165101.324:ERROR:CONSOLE(1475)] "No document", source: devtools://devtools/bundled/sdk/sdk.js (1475)
7월 14, 2020 16:51:01.527 [22072:23272:0714/165101.527:ERROR:CONSOLE(1475)] "No document", source: devtools://devtools/bundled/sdk/sdk.js (1475)
7월 14, 2020 16:51:01.813 [22072:23272:0714/165101.812:ERROR:CONSOLE(1475)] "No document", source: devtools://devtools/bundled/sdk/sdk.js (1475)
7월 14, 2020 16:51:02.33 [22072:23272:0714/165102.032:ERROR:CONSOLE(1475)] "No document", source: devtools://devtools/bundled/sdk/sdk.js (1475)

8월 19, 2020 11:38:43.108 NEW SESSION
8월 19, 2020 11:38:43.108 [15728:12040:0819/113843.106:ERROR:device_event_log_impl.cc(208)] [11:38:43.106] Bluetooth: bluetooth_adapter_winrt.cc:1074 Getting Default Adapter failed.
8월 19, 2020 14:51:13.583 [15728:12040:0819/145113.583:ERROR:CONSOLE(1496)] "No document", source: devtools://devtools/bundled/sdk/sdk.js (1496)
8월 19, 2020 14:51:14.342 [15728:12040:0819/145114.342:ERROR:CONSOLE(1496)] "No document", source: devtools://devtools/bundled/sdk/sdk.js (1496)
8월 19, 2020 14:51:16.911 [15728:12040:0819/145116.910:ERROR:CONSOLE(1496)] "No document", source: devtools://devtools/bundled/sdk/sdk.js (1496)
8월 19, 2020 14:53:26.864 [15728:12040:0819/145326.863:ERROR:CONSOLE(1496)] "No document", source: devtools://devtools/bundled/sdk/sdk.js (1496)
8월 19, 2020 14:53:27.509 [15728:12040:0819/145327.508:ERROR:CONSOLE(1496)] "No document", source: devtools://devtools/bundled/sdk/sdk.js (1496)
8월 19, 2020 14:53:27.945 [15728:12040:0819/145327.945:ERROR:CONSOLE(1496)] "No document", source: devtools://devtools/bundled/sdk/sdk.js (1496)
8월 19, 2020 14:53:28.334 [15728:12040:0819/145328.334:ERROR:CONSOLE(1496)] "No document", source: devtools://devtools/bundled/sdk/sdk.js (1496)
8월 19, 2020 14:53:29.550 [15728:12040:0819/145329.550:ERROR:CONSOLE(1496)] "No document", source: devtools://devtools/bundled/sdk/sdk.js (1496)
8월 19, 2020 14:53:32.729 [15728:12040:0819/145332.728:ERROR:CONSOLE(1496)] "No document", source: devtools://devtools/bundled/sdk/sdk.js (1496)
8월 19, 2020 14:55:42.330 [15728:12040:0819/145542.330:ERROR:CONSOLE(1496)] "No document", source: devtools://devtools/bundled/sdk/sdk.js (1496)
8월 19, 2020 14:55:42.868 [15728:12040:0819/145542.868:ERROR:CONSOLE(1496)] "No document", source: devtools://devtools/bundled/sdk/sdk.js (1496)
8월 19, 2020 14:55:45.460 [15728:12040:0819/145545.460:ERROR:CONSOLE(1496)] "No document", source: devtools://devtools/bundled/sdk/sdk.js (1496)
8월 19, 2020 14:55:49.831 [15728:12040:0819/145549.831:ERROR:CONSOLE(1496)] "No document", source: devtools://devtools/bundled/sdk/sdk.js (1496)
8월 19, 2020 14:58:58.207 [15728:12040:0819/145858.207:ERROR:CONSOLE(1496)] "No document", source: devtools://devtools/bundled/sdk/sdk.js (1496)
8월 19, 2020 15:00:13.514 [15728:12040:0819/150013.514:ERROR:CONSOLE(1496)] "No document", source: devtools://devtools/bundled/sdk/sdk.js (1496)
8월 19, 2020 15:00:14.244 [15728:12040:0819/150014.243:ERROR:CONSOLE(1496)] "No document", source: devtools://devtools/bundled/sdk/sdk.js (1496)
8월 19, 2020 15:00:16.623 [15728:12040:0819/150016.623:ERROR:CONSOLE(1496)] "No document", source: devtools://devtools/bundled/sdk/sdk.js (1496)
8월 19, 2020 15:07:39.15 [15728:12040:0819/150739.014:ERROR:CONSOLE(1496)] "No document", source: devtools://devtools/bundled/sdk/sdk.js (1496)
8월 19, 2020 15:10:52.476 [15728:12040:0819/151052.476:ERROR:CONSOLE(1496)] "No document", source: devtools://devtools/bundled/sdk/sdk.js (1496)
8월 19, 2020 15:10:56.264 [15728:12040:0819/151056.263:ERROR:CONSOLE(1496)] "No document", source: devtools://devtools/bundled/sdk/sdk.js (1496)
8월 19, 2020 15:11:08.519 [15728:12040:0819/151108.519:ERROR:CONSOLE(1496)] "No document", source: devtools://devtools/bundled/sdk/sdk.js (1496)
8월 19, 2020 15:11:09.519 [15728:12040:0819/151109.519:ERROR:CONSOLE(1496)] "No document", source: devtools://devtools/bundled/sdk/sdk.js (1496)
8월 19, 2020 15:11:10.35 [15728:12040:0819/151110.034:ERROR:CONSOLE(1496)] "No document", source: devtools://devtools/bundled/sdk/sdk.js (1496)
8월 19, 2020 15:11:10.735 [15728:12040:0819/151110.735:ERROR:CONSOLE(1496)] "No document", source: devtools://devtools/bundled/sdk/sdk.js (1496)
8월 19, 2020 15:11:13.328 [15728:12040:0819/151113.327:ERROR:CONSOLE(1496)] "No document", source: devtools://devtools/bundled/sdk/sdk.js (1496)
8월 19, 2020 15:11:48.933 [15728:12040:0819/151148.933:ERROR:CONSOLE(1496)] "No document", source: devtools://devtools/bundled/sdk/sdk.js (1496)
8월 19, 2020 15:11:49.511 [15728:12040:0819/151149.510:ERROR:CONSOLE(1496)] "No document", source: devtools://devtools/bundled/sdk/sdk.js (1496)
8월 19, 2020 15:11:49.984 [15728:12040:0819/151149.984:ERROR:CONSOLE(1496)] "No document", source: devtools://devtools/bundled/sdk/sdk.js (1496)
8월 19, 2020 15:11:51.870 [15728:12040:0819/151151.870:ERROR:CONSOLE(1496)] "No document", source: devtools://devtools/bundled/sdk/sdk.js (1496)
8월 19, 2020 15:11:54.506 [15728:12040:0819/151154.506:ERROR:CONSOLE(1496)] "No document", source: devtools://devtools/bundled/sdk/sdk.js (1496)
8월 19, 2020 15:11:57.612 [15728:12040:0819/151157.612:ERROR:CONSOLE(1496)] "No document", source: devtools://devtools/bundled/sdk/sdk.js (1496)
8월 19, 2020 15:18:08.754 [15728:12040:0819/151808.754:ERROR:CONSOLE(1496)] "No document", source: devtools://devtools/bundled/sdk/sdk.js (1496)
8월 19, 2020 15:18:09.911 [15728:12040:0819/151809.910:ERROR:CONSOLE(1496)] "No document", source: devtools://devtools/bundled/sdk/sdk.js (1496)
8월 19, 2020 15:18:11.838 [15728:12040:0819/151811.838:ERROR:CONSOLE(1496)] "No document", source: devtools://devtools/bundled/sdk/sdk.js (1496)
8월 19, 2020 15:18:15.708 [15728:12040:0819/151815.708:ERROR:CONSOLE(1496)] "No document", source: devtools://devtools/bundled/sdk/sdk.js (1496)
8월 19, 2020 15:18:17.620 [15728:12040:0819/151817.619:ERROR:CONSOLE(1496)] "No document", source: devtools://devtools/bundled/sdk/sdk.js (1496)
8월 19, 2020 15:18:19.103 [15728:12040:0819/151819.103:ERROR:CONSOLE(1496)] "No document", source: devtools://devtools/bundled/sdk/sdk.js (1496)
8월 19, 2020 15:18:20.324 [15728:12040:0819/151820.324:ERROR:CONSOLE(1496)] "No document", source: devtools://devtools/bundled/sdk/sdk.js (1496)
8월 19, 2020 15:18:20.980 [15728:12040:0819/151820.980:ERROR:CONSOLE(1496)] "No document", source: devtools://devtools/bundled/sdk/sdk.js (1496)
8월 19, 2020 15:18:22.51 [15728:12040:0819/151822.050:ERROR:CONSOLE(1496)] "No document", source: devtools://devtools/bundled/sdk/sdk.js (1496)
8월 19, 2020 15:18:24.250 [15728:12040:0819/151824.250:ERROR:CONSOLE(1496)] "No document", source: devtools://devtools/bundled/sdk/sdk.js (1496)
8월 19, 2020 15:18:25.431 [15728:12040:0819/151825.430:ERROR:CONSOLE(1496)] "No document", source: devtools://devtools/bundled/sdk/sdk.js (1496)
8월 19, 2020 15:20:28.628 [15728:12040:0819/152028.628:ERROR:CONSOLE(1496)] "No document", source: devtools://devtools/bundled/sdk/sdk.js (1496)
8월 19, 2020 15:20:32.495 [15728:12040:0819/152032.494:ERROR:CONSOLE(1496)] "No document", source: devtools://devtools/bundled/sdk/sdk.js (1496)
8월 19, 2020 15:20:46.179 [15728:12040:0819/152046.179:ERROR:CONSOLE(1496)] "No document", source: devtools://devtools/bundled/sdk/sdk.js (1496)
8월 19, 2020 15:21:12.451 [15728:12040:0819/152112.451:ERROR:CONSOLE(1496)] "No document", source: devtools://devtools/bundled/sdk/sdk.js (1496)
8월 19, 2020 15:21:13.289 [15728:12040:0819/152113.288:ERROR:CONSOLE(1496)] "No document", source: devtools://devtools/bundled/sdk/sdk.js (1496)
8월 19, 2020 15:21:16.404 [15728:12040:0819/152116.404:ERROR:CONSOLE(1496)] "No document", source: devtools://devtools/bundled/sdk/sdk.js (1496)
8월 19, 2020 15:21:18.548 [15728:12040:0819/152118.548:ERROR:CONSOLE(1496)] "No document", source: devtools://devtools/bundled/sdk/sdk.js (1496)
8월 19, 2020 15:21:30.689 [15728:12040:0819/152130.689:ERROR:CONSOLE(1496)] "No document", source: devtools://devtools/bundled/sdk/sdk.js (1496)
8월 19, 2020 15:21:32.807 [15728:12040:0819/152132.806:ERROR:CONSOLE(1496)] "No document", source: devtools://devtools/bundled/sdk/sdk.js (1496)
8월 19, 2020 15:21:33.263 [15728:12040:0819/152133.262:ERROR:CONSOLE(1496)] "No document", source: devtools://devtools/bundled/sdk/sdk.js (1496)
8월 19, 2020 15:21:56.221 [15728:12040:0819/152156.220:ERROR:CONSOLE(1496)] "No document", source: devtools://devtools/bundled/sdk/sdk.js (1496)
8월 19, 2020 15:21:56.865 [15728:12040:0819/152156.865:ERROR:CONSOLE(1496)] "No document", source: devtools://devtools/bundled/sdk/sdk.js (1496)
8월 19, 2020 15:21:57.80 [15728:12040:0819/152157.080:ERROR:CONSOLE(1496)] "No document", source: devtools://devtools/bundled/sdk/sdk.js (1496)
8월 19, 2020 15:21:57.297 [15728:12040:0819/152157.297:ERROR:CONSOLE(1496)] "No document", source: devtools://devtools/bundled/sdk/sdk.js (1496)
8월 19, 2020 15:21:57.488 [15728:12040:0819/152157.487:ERROR:CONSOLE(1496)] "No document", source: devtools://devtools/bundled/sdk/sdk.js (1496)
8월 19, 2020 15:21:59.221 [15728:12040:0819/152159.221:ERROR:CONSOLE(1496)] "No document", source: devtools://devtools/bundled/sdk/sdk.js (1496)
8월 19, 2020 15:22:01.670 [15728:12040:0819/152201.670:ERROR:CONSOLE(1496)] "No document", source: devtools://devtools/bundled/sdk/sdk.js (1496)
8월 19, 2020 15:22:08.461 [15728:12040:0819/152208.460:ERROR:CONSOLE(1496)] "No document", source: devtools://devtools/bundled/sdk/sdk.js (1496)
8월 19, 2020 15:22:34.748 [15728:12040:0819/152234.748:ERROR:CONSOLE(1496)] "No document", source: devtools://devtools/bundled/sdk/sdk.js (1496)
8월 19, 2020 15:22:36.537 [15728:12040:0819/152236.537:ERROR:CONSOLE(1496)] "No document", source: devtools://devtools/bundled/sdk/sdk.js (1496)
8월 19, 2020 15:22:37.569 [15728:12040:0819/152237.569:ERROR:CONSOLE(1496)] "No document", source: devtools://devtools/bundled/sdk/sdk.js (1496)
8월 19, 2020 15:22:38.301 [15728:12040:0819/152238.301:ERROR:CONSOLE(1496)] "No document", source: devtools://devtools/bundled/sdk/sdk.js (1496)
8월 19, 2020 15:22:42.165 [15728:12040:0819/152242.165:ERROR:CONSOLE(1496)] "No document", source: devtools://devtools/bundled/sdk/sdk.js (1496)
8월 19, 2020 15:24:46.827 [15728:12040:0819/152446.827:ERROR:CONSOLE(1496)] "No document", source: devtools://devtools/bundled/sdk/sdk.js (1496)
8월 19, 2020 15:26:10.808 [15728:12040:0819/152610.807:ERROR:CONSOLE(1496)] "No document", source: devtools://devtools/bundled/sdk/sdk.js (1496)
8월 19, 2020 15:29:22.796 [15728:12040:0819/152922.796:ERROR:CONSOLE(1496)] "No document", source: devtools://devtools/bundled/sdk/sdk.js (1496)
8월 19, 2020 15:41:06.72 [15728:12040:0819/154106.071:ERROR:CONSOLE(1496)] "No document", source: devtools://devtools/bundled/sdk/sdk.js (1496)
8월 19, 2020 15:42:40.255 [15728:12040:0819/154240.254:ERROR:CONSOLE(1496)] "No document", source: devtools://devtools/bundled/sdk/sdk.js (1496)
8월 19, 2020 15:42:40.808 [15728:12040:0819/154240.808:ERROR:CONSOLE(1496)] "No document", source: devtools://devtools/bundled/sdk/sdk.js (1496)
8월 19, 2020 15:42:42.962 [15728:12040:0819/154242.961:ERROR:CONSOLE(1496)] "No document", source: devtools://devtools/bundled/sdk/sdk.js (1496)
8월 19, 2020 15:42:45.475 [15728:12040:0819/154245.475:ERROR:CONSOLE(1496)] "No document", source: devtools://devtools/bundled/sdk/sdk.js (1496)
8월 19, 2020 15:44:40.465 [15728:12040:0819/154440.464:ERROR:CONSOLE(1496)] "No document", source: devtools://devtools/bundled/sdk/sdk.js (1496)
8월 19, 2020 15:45:23.15 [15728:12040:0819/154523.015:ERROR:CONSOLE(1496)] "No document", source: devtools://devtools/bundled/sdk/sdk.js (1496)
8월 19, 2020 15:45:24.624 [15728:12040:0819/154524.623:ERROR:CONSOLE(1496)] "No document", source: devtools://devtools/bundled/sdk/sdk.js (1496)
8월 19, 2020 15:45:25.221 [15728:12040:0819/154525.221:ERROR:CONSOLE(1496)] "No document", source: devtools://devtools/bundled/sdk/sdk.js (1496)
8월 19, 2020 15:45:25.643 [15728:12040:0819/154525.643:ERROR:CONSOLE(1496)] "No document", source: devtools://devtools/bundled/sdk/sdk.js (1496)
8월 19, 2020 15:45:25.876 [15728:12040:0819/154525.875:ERROR:CONSOLE(1496)] "No document", source: devtools://devtools/bundled/sdk/sdk.js (1496)
8월 19, 2020 15:45:26.55 [15728:12040:0819/154526.055:ERROR:CONSOLE(1496)] "No document", source: devtools://devtools/bundled/sdk/sdk.js (1496)
8월 19, 2020 15:45:26.265 [15728:12040:0819/154526.265:ERROR:CONSOLE(1496)] "No document", source: devtools://devtools/bundled/sdk/sdk.js (1496)
8월 19, 2020 15:45:26.547 [15728:12040:0819/154526.547:ERROR:CONSOLE(1496)] "No document", source: devtools://devtools/bundled/sdk/sdk.js (1496)
8월 19, 2020 15:45:26.717 [15728:12040:0819/154526.717:ERROR:CONSOLE(1496)] "No document", source: devtools://devtools/bundled/sdk/sdk.js (1496)
8월 19, 2020 15:45:26.919 [15728:12040:0819/154526.919:ERROR:CONSOLE(1496)] "No document", source: devtools://devtools/bundled/sdk/sdk.js (1496)
8월 19, 2020 15:45:27.124 [15728:12040:0819/154527.123:ERROR:CONSOLE(1496)] "No document", source: devtools://devtools/bundled/sdk/sdk.js (1496)
8월 19, 2020 15:45:27.350 [15728:12040:0819/154527.350:ERROR:CONSOLE(1496)] "No document", source: devtools://devtools/bundled/sdk/sdk.js (1496)
8월 19, 2020 15:45:27.549 [15728:12040:0819/154527.548:ERROR:CONSOLE(1496)] "No document", source: devtools://devtools/bundled/sdk/sdk.js (1496)
8월 19, 2020 15:45:27.779 [15728:12040:0819/154527.778:ERROR:CONSOLE(1496)] "No document", source: devtools://devtools/bundled/sdk/sdk.js (1496)
8월 19, 2020 15:45:28.29 [15728:12040:0819/154528.029:ERROR:CONSOLE(1496)] "No document", source: devtools://devtools/bundled/sdk/sdk.js (1496)
8월 19, 2020 15:45:28.316 [15728:12040:0819/154528.315:ERROR:CONSOLE(1496)] "No document", source: devtools://devtools/bundled/sdk/sdk.js (1496)
8월 19, 2020 15:45:28.974 [15728:12040:0819/154528.973:ERROR:CONSOLE(1496)] "No document", source: devtools://devtools/bundled/sdk/sdk.js (1496)
8월 19, 2020 15:45:29.448 [15728:12040:0819/154529.448:ERROR:CONSOLE(1496)] "No document", source: devtools://devtools/bundled/sdk/sdk.js (1496)
8월 19, 2020 15:45:29.671 [15728:12040:0819/154529.671:ERROR:CONSOLE(1496)] "No document", source: devtools://devtools/bundled/sdk/sdk.js (1496)
8월 19, 2020 15:45:29.915 [15728:12040:0819/154529.915:ERROR:CONSOLE(1496)] "No document", source: devtools://devtools/bundled/sdk/sdk.js (1496)
8월 19, 2020 15:45:30.455 [15728:12040:0819/154530.455:ERROR:CONSOLE(1496)] "No document", source: devtools://devtools/bundled/sdk/sdk.js (1496)
8월 19, 2020 15:45:30.726 [15728:12040:0819/154530.726:ERROR:CONSOLE(1496)] "No document", source: devtools://devtools/bundled/sdk/sdk.js (1496)
8월 19, 2020 15:45:30.955 [15728:12040:0819/154530.954:ERROR:CONSOLE(1496)] "No document", source: devtools://devtools/bundled/sdk/sdk.js (1496)
8월 19, 2020 15:45:31.621 [15728:12040:0819/154531.621:ERROR:CONSOLE(1496)] "No document", source: devtools://devtools/bundled/sdk/sdk.js (1496)
8월 19, 2020 15:45:33.144 [15728:12040:0819/154533.144:ERROR:CONSOLE(1496)] "No document", source: devtools://devtools/bundled/sdk/sdk.js (1496)
8월 19, 2020 15:45:33.644 [15728:12040:0819/154533.644:ERROR:CONSOLE(1496)] "No document", source: devtools://devtools/bundled/sdk/sdk.js (1496)
8월 19, 2020 15:45:33.825 [15728:12040:0819/154533.824:ERROR:CONSOLE(1496)] "No document", source: devtools://devtools/bundled/sdk/sdk.js (1496)
8월 19, 2020 15:45:34.242 [15728:12040:0819/154534.241:ERROR:CONSOLE(1496)] "No document", source: devtools://devtools/bundled/sdk/sdk.js (1496)
8월 19, 2020 15:45:34.426 [15728:12040:0819/154534.426:ERROR:CONSOLE(1496)] "No document", source: devtools://devtools/bundled/sdk/sdk.js (1496)
8월 19, 2020 15:45:35.21 [15728:12040:0819/154535.021:ERROR:CONSOLE(1496)] "No document", source: devtools://devtools/bundled/sdk/sdk.js (1496)
8월 19, 2020 15:45:49.750 [15728:12040:0819/154549.750:ERROR:CONSOLE(1496)] "No document", source: devtools://devtools/bundled/sdk/sdk.js (1496)
8월 19, 2020 15:45:53.991 [15728:12040:0819/154553.990:ERROR:CONSOLE(1496)] "No document", source: devtools://devtools/bundled/sdk/sdk.js (1496)
8월 19, 2020 15:45:56.16 [15728:12040:0819/154556.016:ERROR:CONSOLE(1496)] "No document", source: devtools://devtools/bundled/sdk/sdk.js (1496)
8월 19, 2020 15:46:26.541 [15728:12040:0819/154626.541:ERROR:CONSOLE(1496)] "No document", source: devtools://devtools/bundled/sdk/sdk.js (1496)
8월 19, 2020 15:46:27.137 [15728:12040:0819/154627.136:ERROR:CONSOLE(1496)] "No document", source: devtools://devtools/bundled/sdk/sdk.js (1496)
8월 19, 2020 15:47:03.559 [15728:12040:0819/154703.558:ERROR:CONSOLE(1496)] "No document", source: devtools://devtools/bundled/sdk/sdk.js (1496)
8월 19, 2020 15:47:03.872 [15728:12040:0819/154703.871:ERROR:CONSOLE(1496)] "No document", source: devtools://devtools/bundled/sdk/sdk.js (1496)
8월 19, 2020 15:47:04.185 [15728:12040:0819/154704.184:ERROR:CONSOLE(1496)] "No document", source: devtools://devtools/bundled/sdk/sdk.js (1496)
8월 19, 2020 15:47:04.512 [15728:12040:0819/154704.512:ERROR:CONSOLE(1496)] "No document", source: devtools://devtools/bundled/sdk/sdk.js (1496)
8월 19, 2020 15:47:04.832 [15728:12040:0819/154704.831:ERROR:CONSOLE(1496)] "No document", source: devtools://devtools/bundled/sdk/sdk.js (1496)
8월 19, 2020 15:47:05.201 [15728:12040:0819/154705.201:ERROR:CONSOLE(1496)] "No document", source: devtools://devtools/bundled/sdk/sdk.js (1496)
8월 19, 2020 15:47:07.51 [15728:12040:0819/154707.050:ERROR:CONSOLE(1496)] "No document", source: devtools://devtools/bundled/sdk/sdk.js (1496)
8월 19, 2020 15:47:09.50 [15728:12040:0819/154709.050:ERROR:CONSOLE(1496)] "No document", source: devtools://devtools/bundled/sdk/sdk.js (1496)
8월 19, 2020 15:47:11.210 [15728:12040:0819/154711.209:ERROR:CONSOLE(1496)] "No document", source: devtools://devtools/bundled/sdk/sdk.js (1496)
8월 19, 2020 15:47:52.649 [15728:12040:0819/154752.649:ERROR:CONSOLE(1496)] "No document", source: devtools://devtools/bundled/sdk/sdk.js (1496)
8월 19, 2020 15:52:33.198 [15728:12040:0819/155233.198:ERROR:CONSOLE(1496)] "No document", source: devtools://devtools/bundled/sdk/sdk.js (1496)
8월 19, 2020 15:53:32.652 [15728:12040:0819/155332.652:ERROR:CONSOLE(1496)] "No document", source: devtools://devtools/bundled/sdk/sdk.js (1496)
8월 19, 2020 15:53:47.417 [15728:12040:0819/155347.417:ERROR:CONSOLE(1496)] "No document", source: devtools://devtools/bundled/sdk/sdk.js (1496)
8월 19, 2020 15:53:50.320 [15728:12040:0819/155350.320:ERROR:CONSOLE(1496)] "No document", source: devtools://devtools/bundled/sdk/sdk.js (1496)
8월 19, 2020 15:53:53.57 [15728:12040:0819/155353.057:ERROR:CONSOLE(1496)] "No document", source: devtools://devtools/bundled/sdk/sdk.js (1496)
8월 19, 2020 15:55:24.160 [15728:12040:0819/155524.159:ERROR:CONSOLE(1496)] "No document", source: devtools://devtools/bundled/sdk/sdk.js (1496)
8월 19, 2020 15:59:24.884 [15728:12040:0819/155924.884:ERROR:CONSOLE(1496)] "No document", source: devtools://devtools/bundled/sdk/sdk.js (1496)
8월 19, 2020 15:59:25.391 [15728:12040:0819/155925.391:ERROR:CONSOLE(1496)] "No document", source: devtools://devtools/bundled/sdk/sdk.js (1496)
8월 19, 2020 15:59:25.803 [15728:12040:0819/155925.803:ERROR:CONSOLE(1496)] "No document", source: devtools://devtools/bundled/sdk/sdk.js (1496)
8월 19, 2020 15:59:26.581 [15728:12040:0819/155926.581:ERROR:CONSOLE(1496)] "No document", source: devtools://devtools/bundled/sdk/sdk.js (1496)
8월 19, 2020 15:59:27.70 [15728:12040:0819/155927.070:ERROR:CONSOLE(1496)] "No document", source: devtools://devtools/bundled/sdk/sdk.js (1496)
8월 19, 2020 15:59:28.699 [15728:12040:0819/155928.698:ERROR:CONSOLE(1496)] "No document", source: devtools://devtools/bundled/sdk/sdk.js (1496)
8월 19, 2020 15:59:33.452 [15728:12040:0819/155933.452:ERROR:CONSOLE(1496)] "No document", source: devtools://devtools/bundled/sdk/sdk.js (1496)
8월 19, 2020 16:12:12.949 [15728:12040:0819/161212.949:ERROR:CONSOLE(1496)] "No document", source: devtools://devtools/bundled/sdk/sdk.js (1496)
8월 19, 2020 16:12:24.414 [15728:12040:0819/161224.414:ERROR:CONSOLE(1496)] "No document", source: devtools://devtools/bundled/sdk/sdk.js (1496)
8월 19, 2020 16:12:27.100 [15728:12040:0819/161227.099:ERROR:CONSOLE(1496)] "No document", source: devtools://devtools/bundled/sdk/sdk.js (1496)
8월 19, 2020 16:12:28.940 [15728:12040:0819/161228.939:ERROR:CONSOLE(1496)] "No document", source: devtools://devtools/bundled/sdk/sdk.js (1496)
8월 19, 2020 16:12:30.885 [15728:12040:0819/161230.885:ERROR:CONSOLE(1496)] "No document", source: devtools://devtools/bundled/sdk/sdk.js (1496)
8월 19, 2020 16:15:08.420 [15728:12040:0819/161508.420:ERROR:CONSOLE(1496)] "No document", source: devtools://devtools/bundled/sdk/sdk.js (1496)
8월 19, 2020 16:15:10.306 [15728:12040:0819/161510.306:ERROR:CONSOLE(1496)] "No document", source: devtools://devtools/bundled/sdk/sdk.js (1496)
8월 19, 2020 16:15:13.250 [15728:12040:0819/161513.249:ERROR:CONSOLE(1496)] "No document", source: devtools://devtools/bundled/sdk/sdk.js (1496)
8월 19, 2020 16:42:11.565 [15728:12040:0819/164211.565:ERROR:CONSOLE(1496)] "No document", source: devtools://devtools/bundled/sdk/sdk.js (1496)
8월 19, 2020 16:43:40.978 [15728:12040:0819/164340.978:ERROR:CONSOLE(1496)] "No document", source: devtools://devtools/bundled/sdk/sdk.js (1496)
8월 19, 2020 16:43:41.484 [15728:12040:0819/164341.483:ERROR:CONSOLE(1496)] "No document", source: devtools://devtools/bundled/sdk/sdk.js (1496)
8월 19, 2020 16:43:42.185 [15728:12040:0819/164342.185:ERROR:CONSOLE(1496)] "No document", source: devtools://devtools/bundled/sdk/sdk.js (1496)
8월 19, 2020 16:43:56.470 [15728:12040:0819/164356.469:ERROR:CONSOLE(1496)] "No document", source: devtools://devtools/bundled/sdk/sdk.js (1496)
8월 19, 2020 16:43:58.507 [15728:12040:0819/164358.507:ERROR:CONSOLE(1496)] "No document", source: devtools://devtools/bundled/sdk/sdk.js (1496)
8월 19, 2020 16:44:47.131 [15728:12040:0819/164447.131:ERROR:CONSOLE(1496)] "No document", source: devtools://devtools/bundled/sdk/sdk.js (1496)
8월 19, 2020 16:44:47.731 [15728:12040:0819/164447.731:ERROR:CONSOLE(1496)] "No document", source: devtools://devtools/bundled/sdk/sdk.js (1496)
8월 19, 2020 16:44:50.74 [15728:12040:0819/164450.074:ERROR:CONSOLE(1496)] "No document", source: devtools://devtools/bundled/sdk/sdk.js (1496)
8월 19, 2020 16:45:57.620 [15728:12040:0819/164557.619:ERROR:CONSOLE(1496)] "No document", source: devtools://devtools/bundled/sdk/sdk.js (1496)
8월 19, 2020 16:48:54.209 [15728:12040:0819/164854.208:ERROR:CONSOLE(1496)] "No document", source: devtools://devtools/bundled/sdk/sdk.js (1496)
8월 19, 2020 16:49:27.945 [15728:12040:0819/164927.944:ERROR:CONSOLE(1496)] "No document", source: devtools://devtools/bundled/sdk/sdk.js (1496)
8월 19, 2020 17:13:06.623 [15728:7108:0819/171306.622:ERROR:socket_stream.cc(219)] Closing stream with result -2
8월 20, 2020 08:05:30.11 [15728:18292:0820/080530.010:ERROR:get_updates_processor.cc(258)] PostClientToServerMessage() failed during GetUpdates with error 2
8월 20, 2020 08:05:34.682 [15728:7108:0820/080533.011:ERROR:connection_factory_impl.cc(420)] Failed to connect to MCS endpoint with error -105
8월 20, 2020 08:05:34.996 [15728:20372:0820/080533.012:ERROR:get_updates_processor.cc(258)] PostClientToServerMessage() failed during GetUpdates with error 2
8월 20, 2020 09:11:03.520 [15728:12040:0820/091103.520:ERROR:CONSOLE(1496)] "No document", source: devtools://devtools/bundled/sdk/sdk.js (1496)
8월 20, 2020 09:17:56.538 [15728:12040:0820/091756.538:ERROR:CONSOLE(1496)] "No document", source: devtools://devtools/bundled/sdk/sdk.js (1496)
8월 20, 2020 09:18:43.176 [15728:12040:0820/091843.176:ERROR:CONSOLE(1496)] "No document", source: devtools://devtools/bundled/sdk/sdk.js (1496)
8월 20, 2020 09:20:45.822 [15728:12040:0820/092045.822:ERROR:CONSOLE(1496)] "No document", source: devtools://devtools/bundled/sdk/sdk.js (1496)
8월 20, 2020 09:21:06.399 [15728:12040:0820/092106.399:ERROR:CONSOLE(1496)] "No document", source: devtools://devtools/bundled/sdk/sdk.js (1496)
8월 20, 2020 09:21:20.288 [15728:12040:0820/092120.288:ERROR:CONSOLE(1496)] "No document", source: devtools://devtools/bundled/sdk/sdk.js (1496)
8월 20, 2020 09:23:19.16 [15728:12040:0820/092319.016:ERROR:CONSOLE(1496)] "No document", source: devtools://devtools/bundled/sdk/sdk.js (1496)
8월 20, 2020 09:24:40.123 [15728:12040:0820/092440.123:ERROR:CONSOLE(1496)] "No document", source: devtools://devtools/bundled/sdk/sdk.js (1496)
8월 20, 2020 09:24:56.444 [15728:12040:0820/092456.444:ERROR:CONSOLE(1496)] "No document", source: devtools://devtools/bundled/sdk/sdk.js (1496)
8월 20, 2020 09:26:42.606 [15728:12040:0820/092642.605:ERROR:CONSOLE(1496)] "No document", source: devtools://devtools/bundled/sdk/sdk.js (1496)
8월 20, 2020 09:26:57.594 [15728:12040:0820/092657.594:ERROR:CONSOLE(1496)] "No document", source: devtools://devtools/bundled/sdk/sdk.js (1496)
8월 20, 2020 09:27:13.624 [15728:12040:0820/092713.624:ERROR:CONSOLE(1496)] "No document", source: devtools://devtools/bundled/sdk/sdk.js (1496)
8월 20, 2020 09:32:47.89 [15728:12040:0820/093247.088:ERROR:CONSOLE(1496)] "No document", source: devtools://devtools/bundled/sdk/sdk.js (1496)
8월 20, 2020 09:33:42.936 [15728:12040:0820/093342.936:ERROR:CONSOLE(1496)] "No document", source: devtools://devtools/bundled/sdk/sdk.js (1496)
8월 20, 2020 09:33:56.793 [15728:12040:0820/093356.793:ERROR:CONSOLE(1496)] "No document", source: devtools://devtools/bundled/sdk/sdk.js (1496)
8월 20, 2020 09:34:25.185 [15728:12040:0820/093425.184:ERROR:CONSOLE(1496)] "No document", source: devtools://devtools/bundled/sdk/sdk.js (1496)
8월 20, 2020 09:34:36.907 [15728:12040:0820/093436.906:ERROR:CONSOLE(1496)] "No document", source: devtools://devtools/bundled/sdk/sdk.js (1496)
8월 20, 2020 09:35:03.447 [15728:12040:0820/093503.447:ERROR:CONSOLE(1496)] "No document", source: devtools://devtools/bundled/sdk/sdk.js (1496)
8월 20, 2020 09:35:44.416 [15728:12040:0820/093544.416:ERROR:CONSOLE(1496)] "No document", source: devtools://devtools/bundled/sdk/sdk.js (1496)
8월 20, 2020 09:36:54.482 [15728:12040:0820/093654.481:ERROR:CONSOLE(1496)] "No document", source: devtools://devtools/bundled/sdk/sdk.js (1496)
8월 20, 2020 09:37:20.643 [15728:12040:0820/093720.643:ERROR:CONSOLE(1496)] "No document", source: devtools://devtools/bundled/sdk/sdk.js (1496)
8월 20, 2020 09:37:36.668 [15728:12040:0820/093736.667:ERROR:CONSOLE(1496)] "No document", source: devtools://devtools/bundled/sdk/sdk.js (1496)
8월 20, 2020 09:38:18.319 [15728:12040:0820/093818.319:ERROR:CONSOLE(1496)] "No document", source: devtools://devtools/bundled/sdk/sdk.js (1496)
8월 20, 2020 09:42:54.911 [15728:12040:0820/094254.911:ERROR:CONSOLE(1496)] "No document", source: devtools://devtools/bundled/sdk/sdk.js (1496)
8월 20, 2020 10:52:06.620 [15728:12040:0820/105206.620:ERROR:CONSOLE(1496)] "No document", source: devtools://devtools/bundled/sdk/sdk.js (1496)
8월 20, 2020 10:52:11.666 [15728:12040:0820/105211.665:ERROR:CONSOLE(1496)] "No document", source: devtools://devtools/bundled/sdk/sdk.js (1496)
8월 20, 2020 10:54:08.391 [15728:12040:0820/105408.391:ERROR:CONSOLE(1496)] "No document", source: devtools://devtools/bundled/sdk/sdk.js (1496)
8월 20, 2020 10:54:46.563 [15728:12040:0820/105446.563:ERROR:CONSOLE(1496)] "No document", source: devtools://devtools/bundled/sdk/sdk.js (1496)
8월 20, 2020 10:55:35.374 [15728:12040:0820/105535.374:ERROR:CONSOLE(1496)] "No document", source: devtools://devtools/bundled/sdk/sdk.js (1496)
8월 20, 2020 10:57:43.825 [15728:12040:0820/105743.825:ERROR:CONSOLE(1496)] "No document", source: devtools://devtools/bundled/sdk/sdk.js (1496)
8월 20, 2020 10:58:18.714 [15728:12040:0820/105818.714:ERROR:CONSOLE(1496)] "No document", source: devtools://devtools/bundled/sdk/sdk.js (1496)
8월 20, 2020 10:58:43.98 [15728:12040:0820/105843.097:ERROR:CONSOLE(1496)] "No document", source: devtools://devtools/bundled/sdk/sdk.js (1496)
8월 20, 2020 11:03:55.930 [15728:12040:0820/110355.930:ERROR:CONSOLE(1496)] "No document", source: devtools://devtools/bundled/sdk/sdk.js (1496)
8월 20, 2020 11:06:40.509 [15728:12040:0820/110640.509:ERROR:CONSOLE(1496)] "No document", source: devtools://devtools/bundled/sdk/sdk.js (1496)
8월 20, 2020 11:06:44.312 [15728:12040:0820/110644.312:ERROR:CONSOLE(1496)] "No document", source: devtools://devtools/bundled/sdk/sdk.js (1496)
8월 20, 2020 11:11:33.159 [15728:12040:0820/111133.159:ERROR:CONSOLE(1496)] "No document", source: devtools://devtools/bundled/sdk/sdk.js (1496)
8월 20, 2020 11:14:00.106 [15728:12040:0820/111400.105:ERROR:CONSOLE(1496)] "No document", source: devtools://devtools/bundled/sdk/sdk.js (1496)
8월 20, 2020 11:14:27.643 [15728:12040:0820/111427.643:ERROR:CONSOLE(1496)] "No document", source: devtools://devtools/bundled/sdk/sdk.js (1496)
8월 20, 2020 11:15:16.935 [15728:12040:0820/111516.935:ERROR:CONSOLE(1496)] "No document", source: devtools://devtools/bundled/sdk/sdk.js (1496)
8월 20, 2020 11:15:59.288 [15728:12040:0820/111559.288:ERROR:CONSOLE(1496)] "No document", source: devtools://devtools/bundled/sdk/sdk.js (1496)
8월 20, 2020 11:19:29.168 [15728:12040:0820/111929.167:ERROR:CONSOLE(1496)] "No document", source: devtools://devtools/bundled/sdk/sdk.js (1496)
8월 20, 2020 11:19:54.362 [15728:12040:0820/111954.362:ERROR:CONSOLE(1496)] "No document", source: devtools://devtools/bundled/sdk/sdk.js (1496)
8월 20, 2020 11:20:18.291 [15728:12040:0820/112018.290:ERROR:CONSOLE(1496)] "No document", source: devtools://devtools/bundled/sdk/sdk.js (1496)
8월 20, 2020 11:20:38.241 [15728:12040:0820/112038.240:ERROR:CONSOLE(1496)] "No document", source: devtools://devtools/bundled/sdk/sdk.js (1496)
8월 20, 2020 11:20:56.705 [15728:12040:0820/112056.704:ERROR:CONSOLE(1496)] "No document", source: devtools://devtools/bundled/sdk/sdk.js (1496)
8월 20, 2020 11:22:00.539 [15728:12040:0820/112200.539:ERROR:CONSOLE(1496)] "No document", source: devtools://devtools/bundled/sdk/sdk.js (1496)
8월 20, 2020 11:29:54.212 [15728:12040:0820/112954.212:ERROR:CONSOLE(1496)] "No document", source: devtools://devtools/bundled/sdk/sdk.js (1496)
8월 20, 2020 11:29:54.901 [15728:12040:0820/112954.901:ERROR:CONSOLE(1496)] "No document", source: devtools://devtools/bundled/sdk/sdk.js (1496)
8월 20, 2020 11:29:55.721 [15728:12040:0820/112955.720:ERROR:CONSOLE(1496)] "No document", source: devtools://devtools/bundled/sdk/sdk.js (1496)
8월 20, 2020 11:30:00.265 [15728:12040:0820/113000.265:ERROR:CONSOLE(1496)] "No document", source: devtools://devtools/bundled/sdk/sdk.js (1496)
8월 20, 2020 11:30:45.960 [15728:12040:0820/113045.960:ERROR:CONSOLE(1496)] "No document", source: devtools://devtools/bundled/sdk/sdk.js (1496)
8월 20, 2020 11:31:27.366 [15728:12040:0820/113127.366:ERROR:CONSOLE(1496)] "No document", source: devtools://devtools/bundled/sdk/sdk.js (1496)
8월 20, 2020 11:42:50.233 [15728:12040:0820/114250.233:ERROR:CONSOLE(1496)] "No document", source: devtools://devtools/bundled/sdk/sdk.js (1496)
8월 20, 2020 11:43:49.424 [15728:12040:0820/114349.424:ERROR:CONSOLE(1496)] "No document", source: devtools://devtools/bundled/sdk/sdk.js (1496)
8월 20, 2020 11:44:55.434 [15728:12040:0820/114455.434:ERROR:CONSOLE(1496)] "No document", source: devtools://devtools/bundled/sdk/sdk.js (1496)
8월 20, 2020 12:51:55.478 [15728:12040:0820/125155.478:ERROR:CONSOLE(1496)] "No document", source: devtools://devtools/bundled/sdk/sdk.js (1496)
8월 20, 2020 12:51:59.636 [15728:12040:0820/125159.636:ERROR:CONSOLE(1496)] "No document", source: devtools://devtools/bundled/sdk/sdk.js (1496)
8월 20, 2020 12:52:52.764 [15728:12040:0820/125252.764:ERROR:CONSOLE(1496)] "No document", source: devtools://devtools/bundled/sdk/sdk.js (1496)
8월 20, 2020 12:53:57.60 [15728:12040:0820/125357.060:ERROR:CONSOLE(1496)] "No document", source: devtools://devtools/bundled/sdk/sdk.js (1496)
8월 20, 2020 12:54:12.107 [15728:12040:0820/125412.107:ERROR:CONSOLE(1496)] "No document", source: devtools://devtools/bundled/sdk/sdk.js (1496)
8월 20, 2020 12:54:17.838 [15728:12040:0820/125417.838:ERROR:CONSOLE(1496)] "No document", source: devtools://devtools/bundled/sdk/sdk.js (1496)
8월 20, 2020 12:54:21.988 [15728:12040:0820/125421.988:ERROR:CONSOLE(1496)] "No document", source: devtools://devtools/bundled/sdk/sdk.js (1496)
8월 20, 2020 12:55:01.214 [15728:12040:0820/125501.213:ERROR:CONSOLE(1496)] "No document", source: devtools://devtools/bundled/sdk/sdk.js (1496)
8월 20, 2020 12:55:07.947 [15728:12040:0820/125507.947:ERROR:CONSOLE(1496)] "No document", source: devtools://devtools/bundled/sdk/sdk.js (1496)
8월 20, 2020 14:26:01.149 [15728:12040:0820/142601.148:ERROR:CONSOLE(1496)] "No document", source: devtools://devtools/bundled/sdk/sdk.js (1496)
8월 20, 2020 14:26:09.829 [15728:12040:0820/142609.828:ERROR:CONSOLE(1496)] "No document", source: devtools://devtools/bundled/sdk/sdk.js (1496)
8월 20, 2020 14:26:16.781 [15728:12040:0820/142616.781:ERROR:CONSOLE(1496)] "No document", source: devtools://devtools/bundled/sdk/sdk.js (1496)
8월 20, 2020 14:27:06.528 [15728:12040:0820/142706.528:ERROR:CONSOLE(1496)] "No document", source: devtools://devtools/bundled/sdk/sdk.js (1496)
8월 20, 2020 14:28:56.301 [15728:12040:0820/142856.300:ERROR:CONSOLE(1496)] "No document", source: devtools://devtools/bundled/sdk/sdk.js (1496)
8월 20, 2020 18:16:20.600 [15728:7108:0820/181620.600:ERROR:socket_stream.cc(219)] Closing stream with result -2
8월 21, 2020 08:07:29.707 [15728:7108:0821/080728.890:ERROR:socket_stream.cc(219)] Closing stream with result -2
8월 21, 2020 08:07:30.91 [15728:20588:0821/080730.090:ERROR:get_updates_processor.cc(258)] PostClientToServerMessage() failed during GetUpdates with error 2
